Using pre-set license
Built from '2020.3/staging' branch; Version is '2020.3.9f1 (108be757e447) revision 1084391'; Using compiler version '192528614'; Build Type 'Release'
OS: 'Windows 10 Home; OS build 19041.388; Version 2004; 64bit' Language: 'en' Physical Memory: 16251 MB
BatchMode: 1, IsHumanControllingUs: 0, StartBugReporterOnCrash: 0, Is64bit: 1, IsPro: 0

 COMMAND LINE ARGUMENTS:
C:\Program Files\Unity\Hub\Editor\2020.3.9f1\Editor\Unity.exe
-adb2
-batchMode
-noUpm
-name
AssetImportWorker0
-projectPath
C:/Users/vande/Unity Projects/Sleep Well/Sleep Well
-logFile
Logs/AssetImportWorker0.log
-srvPort
63250
Successfully changed project path to: C:/Users/vande/Unity Projects/Sleep Well/Sleep Well
C:/Users/vande/Unity Projects/Sleep Well/Sleep Well
Using Asset Import Pipeline V2.
Refreshing native plugins compatible for Editor in 77.26 ms, found 9 plugins.
Preloading 1 native plugins for Editor in 0.84 ms.
Initialize engine version: 2020.3.9f1 (108be757e447)
[Subsystems] Discovering subsystems at path C:/Program Files/Unity/Hub/Editor/2020.3.9f1/Editor/Data/Resources/UnitySubsystems
[Subsystems] Discovering subsystems at path C:/Users/vande/Unity Projects/Sleep Well/Sleep Well/Assets
GfxDevice: creating device client; threaded=0
Direct3D:
    Version:  Direct3D 11.0 [level 11.1]
    Renderer: NVIDIA GeForce RTX 2060 (ID=0x1f15)
    Vendor:   
    VRAM:     5980 MB
    Driver:   27.21.14.5191
Shader 'Universal Render Pipeline/Particles/Lit': fallback shader 'Universal Render Pipeline/Particles/SimpleLit' not found
Shader 'Oculus/OVRMRCameraFrameLit': fallback shader 'Alpha-Diffuse' not found
Initialize mono
Mono path[0] = 'C:/Program Files/Unity/Hub/Editor/2020.3.9f1/Editor/Data/Managed'
Mono path[1] = 'C:/Program Files/Unity/Hub/Editor/2020.3.9f1/Editor/Data/MonoBleedingEdge/lib/mono/unityjit'
Mono config path = 'C:/Program Files/Unity/Hub/Editor/2020.3.9f1/Editor/Data/MonoBleedingEdge/etc'
Using monoOptions --debugger-agent=transport=dt_socket,embedding=1,server=y,suspend=n,address=127.0.0.1:56452
Begin MonoManager ReloadAssembly
Registering precompiled unity dll's ...
Register platform support module: C:/Program Files/Unity/Hub/Editor/2020.3.9f1/Editor/Data/PlaybackEngines/WindowsStandaloneSupport/UnityEditor.WindowsStandalone.Extensions.dll
Registered in 0.001656 seconds.
Native extension for WindowsStandalone target not found
Refreshing native plugins compatible for Editor in 102.03 ms, found 9 plugins.
Preloading 1 native plugins for Editor in 0.13 ms.
Mono: successfully reloaded assembly
- Completed reload, in  1.740 seconds
Platform modules already initialized, skipping
Registering precompiled user dll's ...
Registered in 0.009137 seconds.
Begin MonoManager ReloadAssembly
Native extension for WindowsStandalone target not found
Refreshing native plugins compatible for Editor in 85.46 ms, found 9 plugins.
Preloading 1 native plugins for Editor in 0.06 ms.
[XR] OculusXRPlugin: registering subsystems
[XR] Unable to register display lifecyle provider: [1]
[XR] Oculus Input lifecycle provider registered.
[XR] Unable to register input lifecyle provider: [1]
[XR] OVRP version 1.60.0
Mono: successfully reloaded assembly
- Completed reload, in  1.082 seconds
Platform modules already initialized, skipping
========================================================================
Worker process is ready to serve import requests
Shader 'Oculus/OVRMRCameraFrameLit': fallback shader 'Alpha-Diffuse' not found
Shader 'Universal Render Pipeline/Particles/Lit': fallback shader 'Universal Render Pipeline/Particles/SimpleLit' not found
Launched and connected shader compiler UnityShaderCompiler.exe after 0.04 seconds
Refreshing native plugins compatible for Editor in 0.84 ms, found 9 plugins.
Preloading 1 native plugins for Editor in 0.07 ms.
Unloading 3595 Unused Serialized files (Serialized files now loaded: 0)
System memory in use before: 166.8 MB.
System memory in use after: 166.8 MB.

Unloading 54 unused Assets to reduce memory usage. Loaded Objects now: 4015.
Total: 2.552100 ms (FindLiveObjects: 0.290500 ms CreateObjectMapping: 0.149100 ms MarkObjects: 1.981900 ms  DeleteObjects: 0.130000 ms)

========================================================================
Received Import Request.
  path: Assets/Oculus/Avatar
  artifactKey: Guid(4ff799725e4773e4ba64e7c4b8cfb386) Importer(815301076,1909f56bfc062723c751e8b465ee728b)
Start importing Assets/Oculus/Avatar using Guid(4ff799725e4773e4ba64e7c4b8cfb386) Importer(815301076,1909f56bfc062723c751e8b465ee728b)  -> (artifact id: '725ae7f418e16227742a90601e6a91c3') in 0.008422 seconds
  Import took 0.013296 seconds .

========================================================================
Received Import Request.
  Time since last request: 0.000349 seconds.
  path: Assets/Oculus/LipSync
  artifactKey: Guid(d73a01d52636b714d8eafcc3ec0c08d3) Importer(815301076,1909f56bfc062723c751e8b465ee728b)
Start importing Assets/Oculus/LipSync using Guid(d73a01d52636b714d8eafcc3ec0c08d3) Importer(815301076,1909f56bfc062723c751e8b465ee728b)  -> (artifact id: 'c8615febcc23ba26a8b8b74f3a278167') in 0.002139 seconds
  Import took 0.005969 seconds .

========================================================================
Received Import Request.
  Time since last request: 2.479630 seconds.
  path: Assets/Oculus/AudioManager
  artifactKey: Guid(29b96a528fa49ce449e5dd33e0651e9e) Importer(815301076,1909f56bfc062723c751e8b465ee728b)
Start importing Assets/Oculus/AudioManager using Guid(29b96a528fa49ce449e5dd33e0651e9e) Importer(815301076,1909f56bfc062723c751e8b465ee728b)  -> (artifact id: '8b4e66c6baf8001f20e70bbf60c0d845') in 0.003547 seconds
  Import took 0.011213 seconds .

========================================================================
Received Prepare
Registering precompiled user dll's ...
Registered in 0.006437 seconds.
Begin MonoManager ReloadAssembly
Native extension for WindowsStandalone target not found
Refreshing native plugins compatible for Editor in 0.83 ms, found 8 plugins.
Preloading 1 native plugins for Editor in 0.06 ms.
Mono: successfully reloaded assembly
- Completed reload, in  0.915 seconds
Platform modules already initialized, skipping
Switching build target platform(19) subTarget(0) extendedPlatform(0) -> platform(13) subTarget(524294) extendedPlatform(0)
Shader 'Oculus/OVRMRCameraFrameLit': fallback shader 'Alpha-Diffuse' not found
Shader 'Universal Render Pipeline/Particles/Lit': fallback shader 'Universal Render Pipeline/Particles/SimpleLit' not found
Refreshing native plugins compatible for Editor in 0.91 ms, found 8 plugins.
Preloading 1 native plugins for Editor in 0.07 ms.
Unloading 3364 Unused Serialized files (Serialized files now loaded: 0)
System memory in use before: 152.9 MB.
System memory in use after: 153.1 MB.

Unloading 88 unused Assets to reduce memory usage. Loaded Objects now: 3970.
Total: 4.706500 ms (FindLiveObjects: 0.337700 ms CreateObjectMapping: 0.337600 ms MarkObjects: 3.933300 ms  DeleteObjects: 0.096700 ms)

AssetImportParameters requested are different than current active one (requested -> active):
  custom:graphics/normal-map-encoding: 01000000000000000000000000000000 -> 02000000000000000000000000000000
========================================================================
Received Prepare
Registering precompiled user dll's ...
Registered in 0.009978 seconds.
Begin MonoManager ReloadAssembly
Native extension for WindowsStandalone target not found
Refreshing native plugins compatible for Editor in 0.82 ms, found 8 plugins.
Preloading 1 native plugins for Editor in 0.06 ms.
Mono: successfully reloaded assembly
- Completed reload, in  1.126 seconds
Platform modules already initialized, skipping
Switching build target platform(19) subTarget(0) extendedPlatform(0) -> platform(13) subTarget(524294) extendedPlatform(0)
Shader 'Oculus/OVRMRCameraFrameLit': fallback shader 'Alpha-Diffuse' not found
Shader 'Universal Render Pipeline/Particles/Lit': fallback shader 'Universal Render Pipeline/Particles/SimpleLit' not found
Refreshing native plugins compatible for Editor in 0.86 ms, found 8 plugins.
Preloading 1 native plugins for Editor in 0.07 ms.
Unloading 3364 Unused Serialized files (Serialized files now loaded: 0)
System memory in use before: 152.6 MB.
System memory in use after: 152.8 MB.

Unloading 39 unused Assets to reduce memory usage. Loaded Objects now: 3974.
Total: 3.070300 ms (FindLiveObjects: 0.616300 ms CreateObjectMapping: 0.220500 ms MarkObjects: 2.124800 ms  DeleteObjects: 0.108000 ms)

AssetImportParameters requested are different than current active one (requested -> active):
  custom:graphics/normal-map-encoding: 01000000000000000000000000000000 -> 02000000000000000000000000000000
========================================================================
Received Import Request.
  Time since last request: 172.398861 seconds.
  path: Assets/Scenes/SampleScene.unity
  artifactKey: Guid(9fc0d4010bbf28b4594072e72b8655ab) Importer(815301076,1909f56bfc062723c751e8b465ee728b)
Start importing Assets/Scenes/SampleScene.unity using Guid(9fc0d4010bbf28b4594072e72b8655ab) Importer(815301076,1909f56bfc062723c751e8b465ee728b)  -> (artifact id: 'f67545eaf3b0b32e671fbfd66dd52c70') in 0.019811 seconds
  Import took 0.027298 seconds .

========================================================================
Received Import Request.
  Time since last request: 16.991797 seconds.
  path: Assets/Scenes/XRrig-Template-Scene.unity
  artifactKey: Guid(9fc0d4010bbf28b4594072e72b8655ab) Importer(815301076,1909f56bfc062723c751e8b465ee728b)
Start importing Assets/Scenes/XRrig-Template-Scene.unity using Guid(9fc0d4010bbf28b4594072e72b8655ab) Importer(815301076,1909f56bfc062723c751e8b465ee728b)  -> (artifact id: '7dfb43fe717a8d8623d1dc447d42480f') in 0.004937 seconds
  Import took 0.013208 seconds .

========================================================================
Received Import Request.
  Time since last request: 0.001174 seconds.
  path: Assets/Scenes/XRrig-Template-Scene.unity
  artifactKey: Guid(9fc0d4010bbf28b4594072e72b8655ab) Importer(815301076,1909f56bfc062723c751e8b465ee728b)
Start importing Assets/Scenes/XRrig-Template-Scene.unity using Guid(9fc0d4010bbf28b4594072e72b8655ab) Importer(815301076,1909f56bfc062723c751e8b465ee728b)  -> (artifact id: '7dfb43fe717a8d8623d1dc447d42480f') in 0.003291 seconds
  Import took 0.012075 seconds .

========================================================================
Received Import Request.
  Time since last request: 16.617226 seconds.
  path: Assets/Resources/OVRBuildConfig.asset
  artifactKey: Guid(15adc22b3dbf13747bf1fefc8c5cb2ee) Importer(815301076,1909f56bfc062723c751e8b465ee728b)
Start importing Assets/Resources/OVRBuildConfig.asset using Guid(15adc22b3dbf13747bf1fefc8c5cb2ee) Importer(815301076,1909f56bfc062723c751e8b465ee728b)  -> (artifact id: '6f9caad9a322b82a9d7c34cc85050bb7') in 0.039996 seconds
  Import took 0.046452 seconds .

========================================================================
Received Import Request.
  Time since last request: 22.490452 seconds.
  path: Assets/Resources/OculusPlatformSettings.asset
  artifactKey: Guid(d0a7b09f6e929f8439cc551cc5df4341) Importer(815301076,1909f56bfc062723c751e8b465ee728b)
Start importing Assets/Resources/OculusPlatformSettings.asset using Guid(d0a7b09f6e929f8439cc551cc5df4341) Importer(815301076,1909f56bfc062723c751e8b465ee728b)  -> (artifact id: 'f9a723479afe7d494a6b7eaa4e4fbb3e') in 0.005287 seconds
  Import took 0.012081 seconds .

========================================================================
Received Import Request.
  Time since last request: 0.003775 seconds.
  path: Assets/Resources/OculusPlatformSettings.asset
  artifactKey: Guid(d0a7b09f6e929f8439cc551cc5df4341) Importer(815301076,1909f56bfc062723c751e8b465ee728b)
Start importing Assets/Resources/OculusPlatformSettings.asset using Guid(d0a7b09f6e929f8439cc551cc5df4341) Importer(815301076,1909f56bfc062723c751e8b465ee728b)  -> (artifact id: 'f9a723479afe7d494a6b7eaa4e4fbb3e') in 0.003682 seconds
  Import took 0.011083 seconds .

========================================================================
Received Import Request.
  Time since last request: 166.307029 seconds.
  path: Assets/Resources/OculusPlatformSettings.asset
  artifactKey: Guid(d0a7b09f6e929f8439cc551cc5df4341) Importer(815301076,1909f56bfc062723c751e8b465ee728b)
Start importing Assets/Resources/OculusPlatformSettings.asset using Guid(d0a7b09f6e929f8439cc551cc5df4341) Importer(815301076,1909f56bfc062723c751e8b465ee728b)  -> (artifact id: 'a421b4837ec32c3ff73f90162587b071') in 0.004301 seconds
  Import took 0.012010 seconds .

