Using pre-set license
Built from '2020.3/staging' branch; Version is '2020.3.9f1 (108be757e447) revision 1084391'; Using compiler version '192528614'; Build Type 'Release'
OS: 'Windows 10 Home; OS build 19041.388; Version 2004; 64bit' Language: 'en' Physical Memory: 16251 MB
BatchMode: 1, IsHumanControllingUs: 0, StartBugReporterOnCrash: 0, Is64bit: 1, IsPro: 0

 COMMAND LINE ARGUMENTS:
C:\Program Files\Unity\Hub\Editor\2020.3.9f1\Editor\Unity.exe
-adb2
-batchMode
-noUpm
-name
AssetImportWorker0
-projectPath
C:/Users/vande/Unity Projects/Sleep Well/Sleep Well
-logFile
Logs/AssetImportWorker0.log
-srvPort
62590
Successfully changed project path to: C:/Users/vande/Unity Projects/Sleep Well/Sleep Well
C:/Users/vande/Unity Projects/Sleep Well/Sleep Well
Using Asset Import Pipeline V2.
Refreshing native plugins compatible for Editor in 77.23 ms, found 9 plugins.
Preloading 1 native plugins for Editor in 0.81 ms.
Initialize engine version: 2020.3.9f1 (108be757e447)
[Subsystems] Discovering subsystems at path C:/Program Files/Unity/Hub/Editor/2020.3.9f1/Editor/Data/Resources/UnitySubsystems
[Subsystems] Discovering subsystems at path C:/Users/vande/Unity Projects/Sleep Well/Sleep Well/Assets
GfxDevice: creating device client; threaded=0
Direct3D:
    Version:  Direct3D 11.0 [level 11.1]
    Renderer: NVIDIA GeForce RTX 2060 (ID=0x1f15)
    Vendor:   
    VRAM:     5980 MB
    Driver:   27.21.14.5191
Shader 'Universal Render Pipeline/Particles/Lit': fallback shader 'Universal Render Pipeline/Particles/SimpleLit' not found
Shader 'Oculus/OVRMRCameraFrameLit': fallback shader 'Alpha-Diffuse' not found
Initialize mono
Mono path[0] = 'C:/Program Files/Unity/Hub/Editor/2020.3.9f1/Editor/Data/Managed'
Mono path[1] = 'C:/Program Files/Unity/Hub/Editor/2020.3.9f1/Editor/Data/MonoBleedingEdge/lib/mono/unityjit'
Mono config path = 'C:/Program Files/Unity/Hub/Editor/2020.3.9f1/Editor/Data/MonoBleedingEdge/etc'
Using monoOptions --debugger-agent=transport=dt_socket,embedding=1,server=y,suspend=n,address=127.0.0.1:56916
Begin MonoManager ReloadAssembly
Registering precompiled unity dll's ...
Register platform support module: C:/Program Files/Unity/Hub/Editor/2020.3.9f1/Editor/Data/PlaybackEngines/WindowsStandaloneSupport/UnityEditor.WindowsStandalone.Extensions.dll
Registered in 0.001791 seconds.
Native extension for WindowsStandalone target not found
Refreshing native plugins compatible for Editor in 61.75 ms, found 9 plugins.
Preloading 1 native plugins for Editor in 0.06 ms.
Mono: successfully reloaded assembly
- Completed reload, in  1.543 seconds
Platform modules already initialized, skipping
Registering precompiled user dll's ...
Registered in 0.006781 seconds.
Begin MonoManager ReloadAssembly
Native extension for WindowsStandalone target not found
Refreshing native plugins compatible for Editor in 64.64 ms, found 9 plugins.
Preloading 1 native plugins for Editor in 0.06 ms.
[XR] OculusXRPlugin: registering subsystems
[XR] Unable to register display lifecyle provider: [1]
[XR] Oculus Input lifecycle provider registered.
[XR] Unable to register input lifecyle provider: [1]
[XR] OVRP version 1.60.0
Mono: successfully reloaded assembly
- Completed reload, in  0.963 seconds
Platform modules already initialized, skipping
========================================================================
Worker process is ready to serve import requests
Shader 'Universal Render Pipeline/Particles/Lit': fallback shader 'Universal Render Pipeline/Particles/SimpleLit' not found
Shader 'Oculus/OVRMRCameraFrameLit': fallback shader 'Alpha-Diffuse' not found
Launched and connected shader compiler UnityShaderCompiler.exe after 0.03 seconds
Refreshing native plugins compatible for Editor in 0.86 ms, found 9 plugins.
Preloading 1 native plugins for Editor in 0.06 ms.
Unloading 3594 Unused Serialized files (Serialized files now loaded: 0)
System memory in use before: 169.2 MB.
System memory in use after: 169.2 MB.

Unloading 54 unused Assets to reduce memory usage. Loaded Objects now: 4015.
Total: 2.675900 ms (FindLiveObjects: 0.312400 ms CreateObjectMapping: 0.166800 ms MarkObjects: 2.039100 ms  DeleteObjects: 0.156900 ms)

========================================================================
Received Import Request.
  path: Assets/Oculus/VR/Materials/PlainMaterial.mat
  artifactKey: Guid(26cadeeaa29498d4889f43542f3add58) Importer(815301076,1909f56bfc062723c751e8b465ee728b)
Start importing Assets/Oculus/VR/Materials/PlainMaterial.mat using Guid(26cadeeaa29498d4889f43542f3add58) Importer(815301076,1909f56bfc062723c751e8b465ee728b)  -> (artifact id: '139d3e24897de2c7fea718dc783c3f1a') in 0.157968 seconds
  Import took 0.162693 seconds .

========================================================================
Received Import Request.
  Time since last request: 0.000254 seconds.
  path: Assets/Oculus/VR/Materials/Arrow.mat
  artifactKey: Guid(669025377795b574da66d9bb2472fcab) Importer(815301076,1909f56bfc062723c751e8b465ee728b)
Start importing Assets/Oculus/VR/Materials/Arrow.mat using Guid(669025377795b574da66d9bb2472fcab) Importer(815301076,1909f56bfc062723c751e8b465ee728b)  -> (artifact id: 'ea0e91ffffde8df098ffca2bb5044783') in 0.009578 seconds
  Import took 0.014791 seconds .

========================================================================
Received Import Request.
  Time since last request: 0.000370 seconds.
  path: Assets/Oculus/VR/Plugins
  artifactKey: Guid(e1f06b56b3e7614419c5db24e2262938) Importer(815301076,1909f56bfc062723c751e8b465ee728b)
Start importing Assets/Oculus/VR/Plugins using Guid(e1f06b56b3e7614419c5db24e2262938) Importer(815301076,1909f56bfc062723c751e8b465ee728b)  -> (artifact id: 'cbfc841a4505ca5c4b01ee5a5cc1a1a3') in 0.002497 seconds
  Import took 0.008672 seconds .

========================================================================
Received Import Request.
  Time since last request: 0.000287 seconds.
  path: Assets/Oculus/VR/Materials/BasicHandMaterial.mat
  artifactKey: Guid(5ba7d209f622bb44e87b47ce27ee27b7) Importer(815301076,1909f56bfc062723c751e8b465ee728b)
Start importing Assets/Oculus/VR/Materials/BasicHandMaterial.mat using Guid(5ba7d209f622bb44e87b47ce27ee27b7) Importer(815301076,1909f56bfc062723c751e8b465ee728b)  -> (artifact id: '3ebcca36e6ed90239a6bac67df417db7') in 0.010195 seconds
  Import took 0.015538 seconds .

========================================================================
Received Import Request.
  Time since last request: 0.000329 seconds.
  path: Assets/Oculus/VR/Resources
  artifactKey: Guid(807714291dbf2a54c9b3975c271b2493) Importer(815301076,1909f56bfc062723c751e8b465ee728b)
Start importing Assets/Oculus/VR/Resources using Guid(807714291dbf2a54c9b3975c271b2493) Importer(815301076,1909f56bfc062723c751e8b465ee728b)  -> (artifact id: '422f7a0194c25ebb87a5a341a2600264') in 0.002451 seconds
  Import took 0.007631 seconds .

========================================================================
Received Import Request.
  Time since last request: 0.000303 seconds.
  path: Assets/Oculus/VR/Meshes
  artifactKey: Guid(db348133d6680dd459f3e1cb19922746) Importer(815301076,1909f56bfc062723c751e8b465ee728b)
Start importing Assets/Oculus/VR/Meshes using Guid(db348133d6680dd459f3e1cb19922746) Importer(815301076,1909f56bfc062723c751e8b465ee728b)  -> (artifact id: 'd9dbfd07cd028fd7f69febf8ab97c250') in 0.002493 seconds
  Import took 0.007260 seconds .

========================================================================
Received Import Request.
  Time since last request: 0.000317 seconds.
  path: Assets/Oculus/VR/Materials/CubeMaterial.mat
  artifactKey: Guid(62db2d638434d5a488dfb1e789e34b37) Importer(815301076,1909f56bfc062723c751e8b465ee728b)
Start importing Assets/Oculus/VR/Materials/CubeMaterial.mat using Guid(62db2d638434d5a488dfb1e789e34b37) Importer(815301076,1909f56bfc062723c751e8b465ee728b)  -> (artifact id: 'eb5f373a8c15dd20d02b9cc8e231a436') in 0.010209 seconds
  Import took 0.015595 seconds .

========================================================================
Received Import Request.
  Time since last request: 0.000637 seconds.
  path: Assets/Oculus/VR/Materials/gaze_cursor.mat
  artifactKey: Guid(7f31de375e167154aa45929466af30e4) Importer(815301076,1909f56bfc062723c751e8b465ee728b)
Start importing Assets/Oculus/VR/Materials/gaze_cursor.mat using Guid(7f31de375e167154aa45929466af30e4) Importer(815301076,1909f56bfc062723c751e8b465ee728b)  -> (artifact id: '8ef4b9e6c1eeb82971b29c5920beca6a') in 0.010372 seconds
  Import took 0.015748 seconds .

========================================================================
Received Import Request.
  Time since last request: 0.000350 seconds.
  path: Assets/Oculus/VR/Materials/cursor_timer_material.mat
  artifactKey: Guid(9531aa878fd5c4749b288b72024e8d2f) Importer(815301076,1909f56bfc062723c751e8b465ee728b)
Start importing Assets/Oculus/VR/Materials/cursor_timer_material.mat using Guid(9531aa878fd5c4749b288b72024e8d2f) Importer(815301076,1909f56bfc062723c751e8b465ee728b)  -> (artifact id: 'ffeabc85cf8d1be3dcb446e72d2e6273') in 0.009716 seconds
  Import took 0.014408 seconds .

========================================================================
Received Import Request.
  Time since last request: 0.000275 seconds.
  path: Assets/Oculus/VR/Materials
  artifactKey: Guid(981b5bce7fc4a2d43a2169710da4b892) Importer(815301076,1909f56bfc062723c751e8b465ee728b)
Start importing Assets/Oculus/VR/Materials using Guid(981b5bce7fc4a2d43a2169710da4b892) Importer(815301076,1909f56bfc062723c751e8b465ee728b)  -> (artifact id: 'a2700e2635917005fde53181bd34edab') in 0.002553 seconds
  Import took 0.007158 seconds .

========================================================================
Received Import Request.
  Time since last request: 0.000353 seconds.
  path: Assets/Oculus/VR/Materials/GazePointer.mat
  artifactKey: Guid(3fac3b9744290eb4c89b0e4ffd5fe085) Importer(815301076,1909f56bfc062723c751e8b465ee728b)
Start importing Assets/Oculus/VR/Materials/GazePointer.mat using Guid(3fac3b9744290eb4c89b0e4ffd5fe085) Importer(815301076,1909f56bfc062723c751e8b465ee728b)  -> (artifact id: '380b5b5847ecca5457566fa2fe14aa32') in 0.009577 seconds
  Import took 0.015730 seconds .

========================================================================
Received Import Request.
  Time since last request: 0.571986 seconds.
  path: Assets/Oculus/VR/AudioClips
  artifactKey: Guid(095d7a3dae7d8ea4cb761651027164ce) Importer(815301076,1909f56bfc062723c751e8b465ee728b)
Start importing Assets/Oculus/VR/AudioClips using Guid(095d7a3dae7d8ea4cb761651027164ce) Importer(815301076,1909f56bfc062723c751e8b465ee728b)  -> (artifact id: 'c2542b65499741e6cccba69acb836744') in 0.002775 seconds
  Import took 0.008333 seconds .

========================================================================
Received Import Request.
  Time since last request: 0.361694 seconds.
  path: Assets/Oculus/VR/Editor
  artifactKey: Guid(76c19abd24bec62459b5f0d26fdd9a85) Importer(815301076,1909f56bfc062723c751e8b465ee728b)
Start importing Assets/Oculus/VR/Editor using Guid(76c19abd24bec62459b5f0d26fdd9a85) Importer(815301076,1909f56bfc062723c751e8b465ee728b)  -> (artifact id: 'b3711e552ae580982878c7ab020531c5') in 0.001894 seconds
  Import took 0.007272 seconds .

========================================================================
Received Import Request.
  Time since last request: 10.495572 seconds.
  path: Assets/Oculus/VR/Editor/Oculus.VR.Editor.asmdef
  artifactKey: Guid(d2761a0af0f567748a72629d4bb18a26) Importer(815301076,1909f56bfc062723c751e8b465ee728b)
Start importing Assets/Oculus/VR/Editor/Oculus.VR.Editor.asmdef using Guid(d2761a0af0f567748a72629d4bb18a26) Importer(815301076,1909f56bfc062723c751e8b465ee728b)  -> (artifact id: 'b08846594c527e16c01e8169baa36621') in 0.004020 seconds
  Import took 0.008951 seconds .

========================================================================
Received Import Request.
  Time since last request: 1.344936 seconds.
  path: Assets/Oculus/VR/AudioClips/sfx_belt_in.wav
  artifactKey: Guid(d716392289ac6764994885f5821f7d7b) Importer(815301076,1909f56bfc062723c751e8b465ee728b)
Start importing Assets/Oculus/VR/AudioClips/sfx_belt_in.wav using Guid(d716392289ac6764994885f5821f7d7b) Importer(815301076,1909f56bfc062723c751e8b465ee728b)  -> (artifact id: '8fa8f9cbc554c57f99213b7aaf070afd') in 0.072460 seconds
  Import took 0.077942 seconds .

========================================================================
Received Import Request.
  Time since last request: 1.366754 seconds.
  path: Assets/Oculus/VR/Meshes/Cone.obj
  artifactKey: Guid(c28fa8d61f81fb742b1180a6d4516625) Importer(815301076,1909f56bfc062723c751e8b465ee728b)
Start importing Assets/Oculus/VR/Meshes/Cone.obj using Guid(c28fa8d61f81fb742b1180a6d4516625) Importer(815301076,1909f56bfc062723c751e8b465ee728b)  -> (artifact id: 'ca64b9213475e06b44ea0563811fe7e4') in 0.220239 seconds
  Import took 0.226011 seconds .

========================================================================
Received Import Request.
  Time since last request: 3.974470 seconds.
  path: Assets/Oculus/VR/Scenes
  artifactKey: Guid(68bc04068edcc1a4d89699ab4e2e69ae) Importer(815301076,1909f56bfc062723c751e8b465ee728b)
Start importing Assets/Oculus/VR/Scenes using Guid(68bc04068edcc1a4d89699ab4e2e69ae) Importer(815301076,1909f56bfc062723c751e8b465ee728b)  -> (artifact id: '125fc48d55c2bdc0a54aeb7f9c0eb5fe') in 0.002171 seconds
  Import took 0.008255 seconds .

========================================================================
Received Import Request.
  Time since last request: 0.366434 seconds.
  path: Assets/Oculus/VR/Scripts
  artifactKey: Guid(859d6d3fcffe1bb41ac06f93d267fc9d) Importer(815301076,1909f56bfc062723c751e8b465ee728b)
Start importing Assets/Oculus/VR/Scripts using Guid(859d6d3fcffe1bb41ac06f93d267fc9d) Importer(815301076,1909f56bfc062723c751e8b465ee728b)  -> (artifact id: '6702f6043c9683a7d2d1769d8e406f2c') in 0.002240 seconds
  Import took 0.007923 seconds .

========================================================================
Received Import Request.
  Time since last request: 0.312611 seconds.
  path: Assets/Oculus/VR/Shaders
  artifactKey: Guid(d79c5fa4d57bda54f88884a89963d684) Importer(815301076,1909f56bfc062723c751e8b465ee728b)
Start importing Assets/Oculus/VR/Shaders using Guid(d79c5fa4d57bda54f88884a89963d684) Importer(815301076,1909f56bfc062723c751e8b465ee728b)  -> (artifact id: '3d788e91e276c49ac24786ab16c3c348') in 0.002745 seconds
  Import took 0.008034 seconds .

========================================================================
Received Import Request.
  Time since last request: 5.304446 seconds.
  path: Assets/Resources/ONSPSettings.asset
  artifactKey: Guid(64044f6525e7cf445b1f9d9f89f92607) Importer(815301076,1909f56bfc062723c751e8b465ee728b)
Start importing Assets/Resources/ONSPSettings.asset using Guid(64044f6525e7cf445b1f9d9f89f92607) Importer(815301076,1909f56bfc062723c751e8b465ee728b)  -> (artifact id: 'dd6abb70be1b3091c993bcd52ad2c93e') in 0.003600 seconds
  Import took 0.008507 seconds .

========================================================================
Received Import Request.
  Time since last request: 7.779182 seconds.
  path: Assets/XR/XRGeneralSettings.asset
  artifactKey: Guid(85c10e487b34de94893026fbbf7f7678) Importer(815301076,1909f56bfc062723c751e8b465ee728b)
Start importing Assets/XR/XRGeneralSettings.asset using Guid(85c10e487b34de94893026fbbf7f7678) Importer(815301076,1909f56bfc062723c751e8b465ee728b)  -> (artifact id: 'd2abcd8fa1030f44d7b6808f4fef9fc5') in 0.008012 seconds
  Import took 0.012937 seconds .

========================================================================
Received Prepare
Registering precompiled user dll's ...
Registered in 0.006869 seconds.
Begin MonoManager ReloadAssembly
Native extension for WindowsStandalone target not found
Refreshing native plugins compatible for Editor in 0.93 ms, found 9 plugins.
Preloading 1 native plugins for Editor in 0.06 ms.
Mono: successfully reloaded assembly
- Completed reload, in  0.935 seconds
Platform modules already initialized, skipping
Switching build target platform(19) subTarget(0) extendedPlatform(0) -> platform(13) subTarget(524294) extendedPlatform(0)
Shader 'Universal Render Pipeline/Particles/Lit': fallback shader 'Universal Render Pipeline/Particles/SimpleLit' not found
Shader 'Oculus/OVRMRCameraFrameLit': fallback shader 'Alpha-Diffuse' not found
Refreshing native plugins compatible for Editor in 0.91 ms, found 9 plugins.
Preloading 1 native plugins for Editor in 0.07 ms.
Unloading 3425 Unused Serialized files (Serialized files now loaded: 0)
System memory in use before: 157.1 MB.
System memory in use after: 157.3 MB.

Unloading 47 unused Assets to reduce memory usage. Loaded Objects now: 4102.
Total: 2.555000 ms (FindLiveObjects: 0.338900 ms CreateObjectMapping: 0.237200 ms MarkObjects: 1.928300 ms  DeleteObjects: 0.049900 ms)

AssetImportParameters requested are different than current active one (requested -> active):
  custom:graphics/normal-map-encoding: 01000000000000000000000000000000 -> 02000000000000000000000000000000
========================================================================
Received Prepare
Shader 'Universal Render Pipeline/Particles/Lit': fallback shader 'Universal Render Pipeline/Particles/SimpleLit' not found
Shader 'Oculus/OVRMRCameraFrameLit': fallback shader 'Alpha-Diffuse' not found
Refreshing native plugins compatible for Editor in 12.99 ms, found 9 plugins.
Preloading 1 native plugins for Editor in 0.06 ms.
Unloading 44 Unused Serialized files (Serialized files now loaded: 0)
System memory in use before: 90.5 MB.
System memory in use after: 90.7 MB.

Unloading 44 unused Assets to reduce memory usage. Loaded Objects now: 4102.
Total: 2.587900 ms (FindLiveObjects: 0.285900 ms CreateObjectMapping: 0.167800 ms MarkObjects: 2.024200 ms  DeleteObjects: 0.109400 ms)

========================================================================
Received Prepare
Shader 'Universal Render Pipeline/Particles/Lit': fallback shader 'Universal Render Pipeline/Particles/SimpleLit' not found
Shader 'Oculus/OVRMRCameraFrameLit': fallback shader 'Alpha-Diffuse' not found
Refreshing native plugins compatible for Editor in 12.89 ms, found 9 plugins.
Preloading 1 native plugins for Editor in 0.06 ms.
Unloading 44 Unused Serialized files (Serialized files now loaded: 0)
System memory in use before: 90.5 MB.
System memory in use after: 90.7 MB.

Unloading 44 unused Assets to reduce memory usage. Loaded Objects now: 4102.
Total: 2.291500 ms (FindLiveObjects: 0.300500 ms CreateObjectMapping: 0.176800 ms MarkObjects: 1.771700 ms  DeleteObjects: 0.041800 ms)

========================================================================
Received Prepare
Shader 'Universal Render Pipeline/Particles/Lit': fallback shader 'Universal Render Pipeline/Particles/SimpleLit' not found
Shader 'Oculus/OVRMRCameraFrameLit': fallback shader 'Alpha-Diffuse' not found
Refreshing native plugins compatible for Editor in 22.82 ms, found 9 plugins.
Preloading 1 native plugins for Editor in 0.14 ms.
Unloading 44 Unused Serialized files (Serialized files now loaded: 0)
System memory in use before: 90.7 MB.
System memory in use after: 90.9 MB.

Unloading 44 unused Assets to reduce memory usage. Loaded Objects now: 4102.
Total: 14.000200 ms (FindLiveObjects: 1.029000 ms CreateObjectMapping: 0.559300 ms MarkObjects: 12.293300 ms  DeleteObjects: 0.115900 ms)

========================================================================
Received Prepare
Shader 'Universal Render Pipeline/Particles/Lit': fallback shader 'Universal Render Pipeline/Particles/SimpleLit' not found
Shader 'Oculus/OVRMRCameraFrameLit': fallback shader 'Alpha-Diffuse' not found
Refreshing native plugins compatible for Editor in 12.55 ms, found 9 plugins.
Preloading 1 native plugins for Editor in 0.06 ms.
Unloading 44 Unused Serialized files (Serialized files now loaded: 0)
System memory in use before: 90.7 MB.
System memory in use after: 90.9 MB.

Unloading 44 unused Assets to reduce memory usage. Loaded Objects now: 4102.
Total: 2.703800 ms (FindLiveObjects: 0.320900 ms CreateObjectMapping: 0.185300 ms MarkObjects: 2.097000 ms  DeleteObjects: 0.099900 ms)

AssetImportWorkerClient::OnTransportError - code=2 error=End of file
